[0.094s] DEBUG:colcon:Command line arguments: ['/usr/bin/colcon', 'build']
[0.095s] DEBUG:colcon:Parsed command line arguments: Namespace(log_base=None, log_level=None, verb_name='build', build_base='build', install_base='install', merge_install=False, symlink_install=False, test_result_base=None, continue_on_error=False, executor='parallel', parallel_workers=20, event_handlers=None, ignore_user_meta=False, metas=['./colcon.meta'], base_paths=['.'], packages_ignore=None, packages_ignore_regex=None, paths=None, packages_up_to=None, packages_up_to_regex=None, packages_above=None, packages_above_and_dependencies=None, packages_above_depth=None, packages_select_by_dep=None, packages_skip_by_dep=None, packages_skip_up_to=None, packages_select_build_failed=False, packages_skip_build_finished=False, packages_select_test_failures=False, packages_skip_test_passed=False, packages_select=None, packages_skip=None, packages_select_regex=None, packages_skip_regex=None, packages_start=None, packages_end=None, allow_overriding=[], cmake_args=None, cmake_target=None, cmake_target_skip_unavailable=False, cmake_clean_cache=False, cmake_clean_first=False, cmake_force_configure=False, ament_cmake_args=None, catkin_cmake_args=None, catkin_skip_building_tests=False, mixin_files=None, mixin=None, verb_parser=<colcon_mixin.mixin.mixin_argument.MixinArgumentDecorator object at 0x767f191cee00>, verb_extension=<colcon_core.verb.build.BuildVerb object at 0x767f19363dc0>, main=<bound method BuildVerb.main of <colcon_core.verb.build.BuildVerb object at 0x767f19363dc0>>, mixin_verb=('build',))
[0.246s] Level 1:colcon.colcon_core.package_discovery:discover_packages(colcon_meta) check parameters
[0.246s] Level 1:colcon.colcon_core.package_discovery:discover_packages(recursive) check parameters
[0.246s] Level 1:colcon.colcon_core.package_discovery:discover_packages(ignore) check parameters
[0.246s] Level 1:colcon.colcon_core.package_discovery:discover_packages(path) check parameters
[0.246s] Level 1:colcon.colcon_core.package_discovery:discover_packages(colcon_meta) discover
[0.246s] Level 1:colcon.colcon_core.package_discovery:discover_packages(recursive) discover
[0.246s] INFO:colcon.colcon_core.package_discovery:Crawling recursively for packages in '/home/clarissa/TR-Autonomy-2/src/control'
[0.247s] Level 1:colcon.colcon_core.package_identification:_identify(.) by extensions ['ignore', 'ignore_ament_install']
[0.247s] Level 1:colcon.colcon_core.package_identification:_identify(.) by extension 'ignore'
[0.247s] Level 1:colcon.colcon_core.package_identification:_identify(.) by extension 'ignore_ament_install'
[0.247s] Level 1:colcon.colcon_core.package_identification:_identify(.) by extensions ['colcon_pkg']
[0.247s] Level 1:colcon.colcon_core.package_identification:_identify(.) by extension 'colcon_pkg'
[0.247s] Level 1:colcon.colcon_core.package_identification:_identify(.) by extensions ['colcon_meta']
[0.247s] Level 1:colcon.colcon_core.package_identification:_identify(.) by extension 'colcon_meta'
[0.247s] Level 1:colcon.colcon_core.package_identification:_identify(.) by extensions ['ros']
[0.247s] Level 1:colcon.colcon_core.package_identification:_identify(.) by extension 'ros'
[0.259s] DEBUG:colcon.colcon_core.package_identification:Package '.' with type 'ros.ament_cmake' and name 'control'
[0.259s] Level 1:colcon.colcon_core.package_discovery:discover_packages(recursive) using defaults
[0.259s] Level 1:colcon.colcon_core.package_discovery:discover_packages(ignore) discover
[0.259s] Level 1:colcon.colcon_core.package_discovery:discover_packages(ignore) using defaults
[0.259s] Level 1:colcon.colcon_core.package_discovery:discover_packages(path) discover
[0.259s] Level 1:colcon.colcon_core.package_discovery:discover_packages(path) using defaults
[0.309s] Level 1:colcon.colcon_core.package_discovery:discover_packages(prefix_path) check parameters
[0.309s] Level 1:colcon.colcon_core.package_discovery:discover_packages(prefix_path) discover
[0.311s] DEBUG:colcon.colcon_installed_package_information.package_discovery:Found 394 installed packages in /opt/ros/humble
[0.312s] Level 1:colcon.colcon_core.package_discovery:discover_packages(prefix_path) using defaults
[0.343s] Level 5:colcon.colcon_core.verb:set package 'control' build argument 'cmake_args' from command line to 'None'
[0.343s] Level 5:colcon.colcon_core.verb:set package 'control' build argument 'cmake_target' from command line to 'None'
[0.343s] Level 5:colcon.colcon_core.verb:set package 'control' build argument 'cmake_target_skip_unavailable' from command line to 'False'
[0.343s] Level 5:colcon.colcon_core.verb:set package 'control' build argument 'cmake_clean_cache' from command line to 'False'
[0.343s] Level 5:colcon.colcon_core.verb:set package 'control' build argument 'cmake_clean_first' from command line to 'False'
[0.343s] Level 5:colcon.colcon_core.verb:set package 'control' build argument 'cmake_force_configure' from command line to 'False'
[0.343s] Level 5:colcon.colcon_core.verb:set package 'control' build argument 'ament_cmake_args' from command line to 'None'
[0.343s] Level 5:colcon.colcon_core.verb:set package 'control' build argument 'catkin_cmake_args' from command line to 'None'
[0.343s] Level 5:colcon.colcon_core.verb:set package 'control' build argument 'catkin_skip_building_tests' from command line to 'False'
[0.343s] DEBUG:colcon.colcon_core.verb:Building package 'control' with the following arguments: {'ament_cmake_args': None, 'build_base': '/home/clarissa/TR-Autonomy-2/src/control/build/control', 'catkin_cmake_args': None, 'catkin_skip_building_tests': False, 'cmake_args': None, 'cmake_clean_cache': False, 'cmake_clean_first': False, 'cmake_force_configure': False, 'cmake_target': None, 'cmake_target_skip_unavailable': False, 'install_base': '/home/clarissa/TR-Autonomy-2/src/control/install/control', 'merge_install': False, 'path': '/home/clarissa/TR-Autonomy-2/src/control', 'symlink_install': False, 'test_result_base': None}
[0.343s] INFO:colcon.colcon_core.executor:Executing jobs using 'parallel' executor
[0.345s] DEBUG:colcon.colcon_parallel_executor.executor.parallel:run_until_complete
[0.345s] INFO:colcon.colcon_ros.task.ament_cmake.build:Building ROS package in '/home/clarissa/TR-Autonomy-2/src/control' with build type 'ament_cmake'
[0.345s] INFO:colcon.colcon_cmake.task.cmake.build:Building CMake package in '/home/clarissa/TR-Autonomy-2/src/control'
[0.347s] INFO:colcon.colcon_core.plugin_system:Skipping extension 'colcon_core.shell.bat': Not used on non-Windows systems
[0.347s] INFO:colcon.colcon_core.shell:Skip shell extension 'powershell' for command environment: Not usable outside of PowerShell
[0.347s] DEBUG:colcon.colcon_core.shell:Skip shell extension 'dsv' for command environment
[0.355s] DEBUG:colcon.colcon_core.event_handler.log_command:Invoking command in '/home/clarissa/TR-Autonomy-2/src/control/build/control': CMAKE_PREFIX_PATH=/opt/ros/humble /usr/bin/cmake /home/clarissa/TR-Autonomy-2/src/control -DCMAKE_INSTALL_PREFIX=/home/clarissa/TR-Autonomy-2/src/control/install/control
[1.823s] DEBUG:colcon.colcon_core.event_handler.log_command:Invoked command in '/home/clarissa/TR-Autonomy-2/src/control/build/control' returned '0': CMAKE_PREFIX_PATH=/opt/ros/humble /usr/bin/cmake /home/clarissa/TR-Autonomy-2/src/control -DCMAKE_INSTALL_PREFIX=/home/clarissa/TR-Autonomy-2/src/control/install/control
[1.826s] DEBUG:colcon.colcon_core.event_handler.log_command:Invoking command in '/home/clarissa/TR-Autonomy-2/src/control/build/control': CMAKE_PREFIX_PATH=/opt/ros/humble /usr/bin/cmake --build /home/clarissa/TR-Autonomy-2/src/control/build/control -- -j20 -l20
[11.832s] DEBUG:colcon.colcon_core.event_handler.log_command:Invoked command in '/home/clarissa/TR-Autonomy-2/src/control/build/control' returned '0': CMAKE_PREFIX_PATH=/opt/ros/humble /usr/bin/cmake --build /home/clarissa/TR-Autonomy-2/src/control/build/control -- -j20 -l20
[11.849s] DEBUG:colcon.colcon_core.event_handler.log_command:Invoking command in '/home/clarissa/TR-Autonomy-2/src/control/build/control': CMAKE_PREFIX_PATH=/opt/ros/humble /usr/bin/cmake --install /home/clarissa/TR-Autonomy-2/src/control/build/control
[11.865s] Level 1:colcon.colcon_core.environment:create_environment_scripts_only(control)
[11.867s] DEBUG:colcon.colcon_core.event_handler.log_command:Invoked command in '/home/clarissa/TR-Autonomy-2/src/control/build/control' returned '0': CMAKE_PREFIX_PATH=/opt/ros/humble /usr/bin/cmake --install /home/clarissa/TR-Autonomy-2/src/control/build/control
[11.869s] Level 1:colcon.colcon_core.environment:checking '/home/clarissa/TR-Autonomy-2/src/control/install/control' for CMake module files
[11.869s] Level 1:colcon.colcon_core.environment:checking '/home/clarissa/TR-Autonomy-2/src/control/install/control' for CMake config files
[11.870s] Level 1:colcon.colcon_core.shell:create_environment_hook('control', 'cmake_prefix_path')
[11.870s] INFO:colcon.colcon_core.shell:Creating environment hook '/home/clarissa/TR-Autonomy-2/src/control/install/control/share/control/hook/cmake_prefix_path.ps1'
[11.871s] INFO:colcon.colcon_core.shell:Creating environment descriptor '/home/clarissa/TR-Autonomy-2/src/control/install/control/share/control/hook/cmake_prefix_path.dsv'
[11.872s] INFO:colcon.colcon_core.shell:Creating environment hook '/home/clarissa/TR-Autonomy-2/src/control/install/control/share/control/hook/cmake_prefix_path.sh'
[11.872s] Level 1:colcon.colcon_core.environment:checking '/home/clarissa/TR-Autonomy-2/src/control/install/control/lib'
[11.873s] Level 1:colcon.colcon_core.environment:checking '/home/clarissa/TR-Autonomy-2/src/control/install/control/bin'
[11.873s] Level 1:colcon.colcon_core.environment:checking '/home/clarissa/TR-Autonomy-2/src/control/install/control/lib/pkgconfig/control.pc'
[11.873s] Level 1:colcon.colcon_core.environment:checking '/home/clarissa/TR-Autonomy-2/src/control/install/control/lib/python3.10/site-packages'
[11.873s] Level 1:colcon.colcon_core.environment:checking '/home/clarissa/TR-Autonomy-2/src/control/install/control/bin'
[11.873s] INFO:colcon.colcon_core.shell:Creating package script '/home/clarissa/TR-Autonomy-2/src/control/install/control/share/control/package.ps1'
[11.875s] INFO:colcon.colcon_core.shell:Creating package descriptor '/home/clarissa/TR-Autonomy-2/src/control/install/control/share/control/package.dsv'
[11.875s] INFO:colcon.colcon_core.shell:Creating package script '/home/clarissa/TR-Autonomy-2/src/control/install/control/share/control/package.sh'
[11.876s] INFO:colcon.colcon_core.shell:Creating package script '/home/clarissa/TR-Autonomy-2/src/control/install/control/share/control/package.bash'
[11.876s] INFO:colcon.colcon_core.shell:Creating package script '/home/clarissa/TR-Autonomy-2/src/control/install/control/share/control/package.zsh'
[11.877s] Level 1:colcon.colcon_core.environment:create_file_with_runtime_dependencies(/home/clarissa/TR-Autonomy-2/src/control/install/control/share/colcon-core/packages/control)
[11.878s] Level 1:colcon.colcon_core.environment:create_environment_scripts_only(control)
[11.878s] Level 1:colcon.colcon_core.environment:checking '/home/clarissa/TR-Autonomy-2/src/control/install/control' for CMake module files
[11.879s] Level 1:colcon.colcon_core.environment:checking '/home/clarissa/TR-Autonomy-2/src/control/install/control' for CMake config files
[11.879s] Level 1:colcon.colcon_core.shell:create_environment_hook('control', 'cmake_prefix_path')
[11.879s] INFO:colcon.colcon_core.shell:Creating environment hook '/home/clarissa/TR-Autonomy-2/src/control/install/control/share/control/hook/cmake_prefix_path.ps1'
[11.879s] INFO:colcon.colcon_core.shell:Creating environment descriptor '/home/clarissa/TR-Autonomy-2/src/control/install/control/share/control/hook/cmake_prefix_path.dsv'
[11.880s] INFO:colcon.colcon_core.shell:Creating environment hook '/home/clarissa/TR-Autonomy-2/src/control/install/control/share/control/hook/cmake_prefix_path.sh'
[11.880s] Level 1:colcon.colcon_core.environment:checking '/home/clarissa/TR-Autonomy-2/src/control/install/control/lib'
[11.880s] Level 1:colcon.colcon_core.environment:checking '/home/clarissa/TR-Autonomy-2/src/control/install/control/bin'
[11.880s] Level 1:colcon.colcon_core.environment:checking '/home/clarissa/TR-Autonomy-2/src/control/install/control/lib/pkgconfig/control.pc'
[11.880s] Level 1:colcon.colcon_core.environment:checking '/home/clarissa/TR-Autonomy-2/src/control/install/control/lib/python3.10/site-packages'
[11.880s] Level 1:colcon.colcon_core.environment:checking '/home/clarissa/TR-Autonomy-2/src/control/install/control/bin'
[11.881s] INFO:colcon.colcon_core.shell:Creating package script '/home/clarissa/TR-Autonomy-2/src/control/install/control/share/control/package.ps1'
[11.881s] INFO:colcon.colcon_core.shell:Creating package descriptor '/home/clarissa/TR-Autonomy-2/src/control/install/control/share/control/package.dsv'
[11.881s] INFO:colcon.colcon_core.shell:Creating package script '/home/clarissa/TR-Autonomy-2/src/control/install/control/share/control/package.sh'
[11.881s] INFO:colcon.colcon_core.shell:Creating package script '/home/clarissa/TR-Autonomy-2/src/control/install/control/share/control/package.bash'
[11.882s] INFO:colcon.colcon_core.shell:Creating package script '/home/clarissa/TR-Autonomy-2/src/control/install/control/share/control/package.zsh'
[11.882s] Level 1:colcon.colcon_core.environment:create_file_with_runtime_dependencies(/home/clarissa/TR-Autonomy-2/src/control/install/control/share/colcon-core/packages/control)
[11.882s] DEBUG:colcon.colcon_parallel_executor.executor.parallel:closing loop
[11.883s] DEBUG:colcon.colcon_parallel_executor.executor.parallel:loop closed
[11.883s] DEBUG:colcon.colcon_parallel_executor.executor.parallel:run_until_complete finished with '0'
[11.883s] DEBUG:colcon.colcon_core.event_reactor:joining thread
[11.889s] INFO:colcon.colcon_core.plugin_system:Skipping extension 'colcon_notification.desktop_notification.terminal_notifier': Not used on non-Darwin systems
[11.889s] INFO:colcon.colcon_core.plugin_system:Skipping extension 'colcon_notification.desktop_notification.win32': Not used on non-Windows systems
[11.889s] INFO:colcon.colcon_notification.desktop_notification:Sending desktop notification using 'notify2'
[11.907s] DEBUG:colcon.colcon_core.event_reactor:joined thread
[11.908s] INFO:colcon.colcon_core.shell:Creating prefix script '/home/clarissa/TR-Autonomy-2/src/control/install/local_setup.ps1'
[11.909s] INFO:colcon.colcon_core.shell:Creating prefix util module '/home/clarissa/TR-Autonomy-2/src/control/install/_local_setup_util_ps1.py'
[11.911s] INFO:colcon.colcon_core.shell:Creating prefix chain script '/home/clarissa/TR-Autonomy-2/src/control/install/setup.ps1'
[11.912s] INFO:colcon.colcon_core.shell:Creating prefix script '/home/clarissa/TR-Autonomy-2/src/control/install/local_setup.sh'
[11.912s] INFO:colcon.colcon_core.shell:Creating prefix util module '/home/clarissa/TR-Autonomy-2/src/control/install/_local_setup_util_sh.py'
[11.913s] INFO:colcon.colcon_core.shell:Creating prefix chain script '/home/clarissa/TR-Autonomy-2/src/control/install/setup.sh'
[11.913s] INFO:colcon.colcon_core.shell:Creating prefix script '/home/clarissa/TR-Autonomy-2/src/control/install/local_setup.bash'
[11.914s] INFO:colcon.colcon_core.shell:Creating prefix chain script '/home/clarissa/TR-Autonomy-2/src/control/install/setup.bash'
[11.914s] INFO:colcon.colcon_core.shell:Creating prefix script '/home/clarissa/TR-Autonomy-2/src/control/install/local_setup.zsh'
[11.914s] INFO:colcon.colcon_core.shell:Creating prefix chain script '/home/clarissa/TR-Autonomy-2/src/control/install/setup.zsh'
