[0.013s] Invoking command in '/home/clarissa/TR-Autonomy-2/src/control/build/control': CMAKE_PREFIX_PATH=/opt/ros/humble /usr/bin/cmake --build /home/clarissa/TR-Autonomy-2/src/control/build/control -- -j20 -l20
[0.074s] Consolidate compiler generated dependencies of target control
[0.093s] [ 50%] Building CXX object CMakeFiles/control.dir/src/control.cpp.o
[3.210s] /home/clarissa/TR-Autonomy-2/src/control/src/control.cpp: In constructor ‘Control::Control()’:
[3.210s] /home/clarissa/TR-Autonomy-2/src/control/src/control.cpp:229:12: warning: ‘Control::count_’ will be initialized after [-Wreorder]
[3.210s]   229 |     size_t count_;
[3.210s]       |            ^~~~~~
[3.210s] /home/clarissa/TR-Autonomy-2/src/control/src/control.cpp:53:9: warning:   ‘int Control::x’ [-Wreorder]
[3.211s]    53 |     int x, y;
[3.211s]       |         ^
[3.211s] /home/clarissa/TR-Autonomy-2/src/control/src/control.cpp:21:5: warning:   when initialized here [-Wreorder]
[3.211s]    21 |     Control() : Node("control"), count_(0), x(0), y(0), current_angle_(0.0), last_good_angle_(0.0),
[3.211s]       |     ^~~~~~~
[13.901s] [100%] Linking CXX executable control
[15.081s] [100%] Built target control
[15.097s] Invoked command in '/home/clarissa/TR-Autonomy-2/src/control/build/control' returned '0': CMAKE_PREFIX_PATH=/opt/ros/humble /usr/bin/cmake --build /home/clarissa/TR-Autonomy-2/src/control/build/control -- -j20 -l20
[15.112s] Invoking command in '/home/clarissa/TR-Autonomy-2/src/control/build/control': CMAKE_PREFIX_PATH=/opt/ros/humble /usr/bin/cmake --install /home/clarissa/TR-Autonomy-2/src/control/build/control
[15.124s] -- Install configuration: ""
[15.124s] -- Installing: /home/clarissa/TR-Autonomy-2/src/control/install/control/lib/control/control
[15.130s] -- Set runtime path of "/home/clarissa/TR-Autonomy-2/src/control/install/control/lib/control/control" to ""
[15.130s] -- Up-to-date: /home/clarissa/TR-Autonomy-2/src/control/install/control/share/ament_index/resource_index/package_run_dependencies/control
[15.130s] -- Up-to-date: /home/clarissa/TR-Autonomy-2/src/control/install/control/share/ament_index/resource_index/parent_prefix_path/control
[15.130s] -- Up-to-date: /home/clarissa/TR-Autonomy-2/src/control/install/control/share/control/environment/ament_prefix_path.sh
[15.130s] -- Up-to-date: /home/clarissa/TR-Autonomy-2/src/control/install/control/share/control/environment/ament_prefix_path.dsv
[15.130s] -- Up-to-date: /home/clarissa/TR-Autonomy-2/src/control/install/control/share/control/environment/path.sh
[15.130s] -- Up-to-date: /home/clarissa/TR-Autonomy-2/src/control/install/control/share/control/environment/path.dsv
[15.131s] -- Up-to-date: /home/clarissa/TR-Autonomy-2/src/control/install/control/share/control/local_setup.bash
[15.131s] -- Up-to-date: /home/clarissa/TR-Autonomy-2/src/control/install/control/share/control/local_setup.sh
[15.131s] -- Up-to-date: /home/clarissa/TR-Autonomy-2/src/control/install/control/share/control/local_setup.zsh
[15.131s] -- Up-to-date: /home/clarissa/TR-Autonomy-2/src/control/install/control/share/control/local_setup.dsv
[15.131s] -- Installing: /home/clarissa/TR-Autonomy-2/src/control/install/control/share/control/package.dsv
[15.131s] -- Up-to-date: /home/clarissa/TR-Autonomy-2/src/control/install/control/share/ament_index/resource_index/packages/control
[15.131s] -- Up-to-date: /home/clarissa/TR-Autonomy-2/src/control/install/control/share/control/cmake/controlConfig.cmake
[15.131s] -- Up-to-date: /home/clarissa/TR-Autonomy-2/src/control/install/control/share/control/cmake/controlConfig-version.cmake
[15.131s] -- Up-to-date: /home/clarissa/TR-Autonomy-2/src/control/install/control/share/control/package.xml
[15.133s] Invoked command in '/home/clarissa/TR-Autonomy-2/src/control/build/control' returned '0': CMAKE_PREFIX_PATH=/opt/ros/humble /usr/bin/cmake --install /home/clarissa/TR-Autonomy-2/src/control/build/control
