[0.112s] DEBUG:colcon:Command line arguments: ['/usr/bin/colcon', 'build']
[0.112s] DEBUG:colcon:Parsed command line arguments: Namespace(log_base=None, log_level=None, verb_name='build', build_base='build', install_base='install', merge_install=False, symlink_install=False, test_result_base=None, continue_on_error=False, executor='parallel', parallel_workers=20, event_handlers=None, ignore_user_meta=False, metas=['./colcon.meta'], base_paths=['.'], packages_ignore=None, packages_ignore_regex=None, paths=None, packages_up_to=None, packages_up_to_regex=None, packages_above=None, packages_above_and_dependencies=None, packages_above_depth=None, packages_select_by_dep=None, packages_skip_by_dep=None, packages_skip_up_to=None, packages_select_build_failed=False, packages_skip_build_finished=False, packages_select_test_failures=False, packages_skip_test_passed=False, packages_select=None, packages_skip=None, packages_select_regex=None, packages_skip_regex=None, packages_start=None, packages_end=None, allow_overriding=[], cmake_args=None, cmake_target=None, cmake_target_skip_unavailable=False, cmake_clean_cache=False, cmake_clean_first=False, cmake_force_configure=False, ament_cmake_args=None, catkin_cmake_args=None, catkin_skip_building_tests=False, mixin_files=None, mixin=None, verb_parser=<colcon_mixin.mixin.mixin_argument.MixinArgumentDecorator object at 0x767aa8e6add0>, verb_extension=<colcon_core.verb.build.BuildVerb object at 0x767aa8f77d90>, main=<bound method BuildVerb.main of <colcon_core.verb.build.BuildVerb object at 0x767aa8f77d90>>, mixin_verb=('build',))
[0.264s] Level 1:colcon.colcon_core.package_discovery:discover_packages(colcon_meta) check parameters
[0.265s] Level 1:colcon.colcon_core.package_discovery:discover_packages(recursive) check parameters
[0.265s] Level 1:colcon.colcon_core.package_discovery:discover_packages(ignore) check parameters
[0.265s] Level 1:colcon.colcon_core.package_discovery:discover_packages(path) check parameters
[0.265s] Level 1:colcon.colcon_core.package_discovery:discover_packages(colcon_meta) discover
[0.266s] Level 1:colcon.colcon_core.package_discovery:discover_packages(recursive) discover
[0.266s] INFO:colcon.colcon_core.package_discovery:Crawling recursively for packages in '/home/clarissa/TR-Autonomy-2/src/control'
[0.266s] Level 1:colcon.colcon_core.package_identification:_identify(.) by extensions ['ignore', 'ignore_ament_install']
[0.267s] Level 1:colcon.colcon_core.package_identification:_identify(.) by extension 'ignore'
[0.267s] Level 1:colcon.colcon_core.package_identification:_identify(.) by extension 'ignore_ament_install'
[0.267s] Level 1:colcon.colcon_core.package_identification:_identify(.) by extensions ['colcon_pkg']
[0.267s] Level 1:colcon.colcon_core.package_identification:_identify(.) by extension 'colcon_pkg'
[0.267s] Level 1:colcon.colcon_core.package_identification:_identify(.) by extensions ['colcon_meta']
[0.267s] Level 1:colcon.colcon_core.package_identification:_identify(.) by extension 'colcon_meta'
[0.267s] Level 1:colcon.colcon_core.package_identification:_identify(.) by extensions ['ros']
[0.267s] Level 1:colcon.colcon_core.package_identification:_identify(.) by extension 'ros'
[0.284s] DEBUG:colcon.colcon_core.package_identification:Package '.' with type 'ros.ament_cmake' and name 'control'
[0.284s] Level 1:colcon.colcon_core.package_discovery:discover_packages(recursive) using defaults
[0.284s] Level 1:colcon.colcon_core.package_discovery:discover_packages(ignore) discover
[0.284s] Level 1:colcon.colcon_core.package_discovery:discover_packages(ignore) using defaults
[0.284s] Level 1:colcon.colcon_core.package_discovery:discover_packages(path) discover
[0.284s] Level 1:colcon.colcon_core.package_discovery:discover_packages(path) using defaults
[0.333s] Level 1:colcon.colcon_core.package_discovery:discover_packages(prefix_path) check parameters
[0.333s] Level 1:colcon.colcon_core.package_discovery:discover_packages(prefix_path) discover
[0.335s] DEBUG:colcon.colcon_installed_package_information.package_discovery:Found 394 installed packages in /opt/ros/humble
[0.337s] Level 1:colcon.colcon_core.package_discovery:discover_packages(prefix_path) using defaults
[0.378s] Level 5:colcon.colcon_core.verb:set package 'control' build argument 'cmake_args' from command line to 'None'
[0.378s] Level 5:colcon.colcon_core.verb:set package 'control' build argument 'cmake_target' from command line to 'None'
[0.378s] Level 5:colcon.colcon_core.verb:set package 'control' build argument 'cmake_target_skip_unavailable' from command line to 'False'
[0.378s] Level 5:colcon.colcon_core.verb:set package 'control' build argument 'cmake_clean_cache' from command line to 'False'
[0.378s] Level 5:colcon.colcon_core.verb:set package 'control' build argument 'cmake_clean_first' from command line to 'False'
[0.378s] Level 5:colcon.colcon_core.verb:set package 'control' build argument 'cmake_force_configure' from command line to 'False'
[0.378s] Level 5:colcon.colcon_core.verb:set package 'control' build argument 'ament_cmake_args' from command line to 'None'
[0.378s] Level 5:colcon.colcon_core.verb:set package 'control' build argument 'catkin_cmake_args' from command line to 'None'
[0.378s] Level 5:colcon.colcon_core.verb:set package 'control' build argument 'catkin_skip_building_tests' from command line to 'False'
[0.378s] DEBUG:colcon.colcon_core.verb:Building package 'control' with the following arguments: {'ament_cmake_args': None, 'build_base': '/home/clarissa/TR-Autonomy-2/src/control/build/control', 'catkin_cmake_args': None, 'catkin_skip_building_tests': False, 'cmake_args': None, 'cmake_clean_cache': False, 'cmake_clean_first': False, 'cmake_force_configure': False, 'cmake_target': None, 'cmake_target_skip_unavailable': False, 'install_base': '/home/clarissa/TR-Autonomy-2/src/control/install/control', 'merge_install': False, 'path': '/home/clarissa/TR-Autonomy-2/src/control', 'symlink_install': False, 'test_result_base': None}
[0.378s] INFO:colcon.colcon_core.executor:Executing jobs using 'parallel' executor
[0.380s] DEBUG:colcon.colcon_parallel_executor.executor.parallel:run_until_complete
[0.381s] INFO:colcon.colcon_ros.task.ament_cmake.build:Building ROS package in '/home/clarissa/TR-Autonomy-2/src/control' with build type 'ament_cmake'
[0.381s] INFO:colcon.colcon_cmake.task.cmake.build:Building CMake package in '/home/clarissa/TR-Autonomy-2/src/control'
[0.383s] INFO:colcon.colcon_core.plugin_system:Skipping extension 'colcon_core.shell.bat': Not used on non-Windows systems
[0.383s] INFO:colcon.colcon_core.shell:Skip shell extension 'powershell' for command environment: Not usable outside of PowerShell
[0.383s] DEBUG:colcon.colcon_core.shell:Skip shell extension 'dsv' for command environment
[0.394s] DEBUG:colcon.colcon_core.event_handler.log_command:Invoking command in '/home/clarissa/TR-Autonomy-2/src/control/build/control': CMAKE_PREFIX_PATH=/opt/ros/humble /usr/bin/cmake --build /home/clarissa/TR-Autonomy-2/src/control/build/control -- -j20 -l20
[15.599s] DEBUG:colcon.colcon_core.event_handler.log_command:Invoked command in '/home/clarissa/TR-Autonomy-2/src/control/build/control' returned '0': CMAKE_PREFIX_PATH=/opt/ros/humble /usr/bin/cmake --build /home/clarissa/TR-Autonomy-2/src/control/build/control -- -j20 -l20
[15.616s] DEBUG:colcon.colcon_core.event_handler.log_command:Invoking command in '/home/clarissa/TR-Autonomy-2/src/control/build/control': CMAKE_PREFIX_PATH=/opt/ros/humble /usr/bin/cmake --install /home/clarissa/TR-Autonomy-2/src/control/build/control
[15.634s] Level 1:colcon.colcon_core.environment:create_environment_scripts_only(control)
[15.635s] DEBUG:colcon.colcon_core.event_handler.log_command:Invoked command in '/home/clarissa/TR-Autonomy-2/src/control/build/control' returned '0': CMAKE_PREFIX_PATH=/opt/ros/humble /usr/bin/cmake --install /home/clarissa/TR-Autonomy-2/src/control/build/control
[15.637s] Level 1:colcon.colcon_core.environment:checking '/home/clarissa/TR-Autonomy-2/src/control/install/control' for CMake module files
[15.637s] Level 1:colcon.colcon_core.environment:checking '/home/clarissa/TR-Autonomy-2/src/control/install/control' for CMake config files
[15.637s] Level 1:colcon.colcon_core.shell:create_environment_hook('control', 'cmake_prefix_path')
[15.638s] INFO:colcon.colcon_core.shell:Creating environment hook '/home/clarissa/TR-Autonomy-2/src/control/install/control/share/control/hook/cmake_prefix_path.ps1'
[15.638s] INFO:colcon.colcon_core.shell:Creating environment descriptor '/home/clarissa/TR-Autonomy-2/src/control/install/control/share/control/hook/cmake_prefix_path.dsv'
[15.639s] INFO:colcon.colcon_core.shell:Creating environment hook '/home/clarissa/TR-Autonomy-2/src/control/install/control/share/control/hook/cmake_prefix_path.sh'
[15.640s] Level 1:colcon.colcon_core.environment:checking '/home/clarissa/TR-Autonomy-2/src/control/install/control/lib'
[15.640s] Level 1:colcon.colcon_core.environment:checking '/home/clarissa/TR-Autonomy-2/src/control/install/control/bin'
[15.640s] Level 1:colcon.colcon_core.environment:checking '/home/clarissa/TR-Autonomy-2/src/control/install/control/lib/pkgconfig/control.pc'
[15.640s] Level 1:colcon.colcon_core.environment:checking '/home/clarissa/TR-Autonomy-2/src/control/install/control/lib/python3.10/site-packages'
[15.641s] Level 1:colcon.colcon_core.environment:checking '/home/clarissa/TR-Autonomy-2/src/control/install/control/bin'
[15.641s] INFO:colcon.colcon_core.shell:Creating package script '/home/clarissa/TR-Autonomy-2/src/control/install/control/share/control/package.ps1'
[15.642s] INFO:colcon.colcon_core.shell:Creating package descriptor '/home/clarissa/TR-Autonomy-2/src/control/install/control/share/control/package.dsv'
[15.642s] INFO:colcon.colcon_core.shell:Creating package script '/home/clarissa/TR-Autonomy-2/src/control/install/control/share/control/package.sh'
[15.643s] INFO:colcon.colcon_core.shell:Creating package script '/home/clarissa/TR-Autonomy-2/src/control/install/control/share/control/package.bash'
[15.643s] INFO:colcon.colcon_core.shell:Creating package script '/home/clarissa/TR-Autonomy-2/src/control/install/control/share/control/package.zsh'
[15.644s] Level 1:colcon.colcon_core.environment:create_file_with_runtime_dependencies(/home/clarissa/TR-Autonomy-2/src/control/install/control/share/colcon-core/packages/control)
[15.644s] Level 1:colcon.colcon_core.environment:create_environment_scripts_only(control)
[15.644s] Level 1:colcon.colcon_core.environment:checking '/home/clarissa/TR-Autonomy-2/src/control/install/control' for CMake module files
[15.645s] Level 1:colcon.colcon_core.environment:checking '/home/clarissa/TR-Autonomy-2/src/control/install/control' for CMake config files
[15.645s] Level 1:colcon.colcon_core.shell:create_environment_hook('control', 'cmake_prefix_path')
[15.645s] INFO:colcon.colcon_core.shell:Creating environment hook '/home/clarissa/TR-Autonomy-2/src/control/install/control/share/control/hook/cmake_prefix_path.ps1'
[15.645s] INFO:colcon.colcon_core.shell:Creating environment descriptor '/home/clarissa/TR-Autonomy-2/src/control/install/control/share/control/hook/cmake_prefix_path.dsv'
[15.645s] INFO:colcon.colcon_core.shell:Creating environment hook '/home/clarissa/TR-Autonomy-2/src/control/install/control/share/control/hook/cmake_prefix_path.sh'
[15.646s] Level 1:colcon.colcon_core.environment:checking '/home/clarissa/TR-Autonomy-2/src/control/install/control/lib'
[15.646s] Level 1:colcon.colcon_core.environment:checking '/home/clarissa/TR-Autonomy-2/src/control/install/control/bin'
[15.646s] Level 1:colcon.colcon_core.environment:checking '/home/clarissa/TR-Autonomy-2/src/control/install/control/lib/pkgconfig/control.pc'
[15.646s] Level 1:colcon.colcon_core.environment:checking '/home/clarissa/TR-Autonomy-2/src/control/install/control/lib/python3.10/site-packages'
[15.646s] Level 1:colcon.colcon_core.environment:checking '/home/clarissa/TR-Autonomy-2/src/control/install/control/bin'
[15.647s] INFO:colcon.colcon_core.shell:Creating package script '/home/clarissa/TR-Autonomy-2/src/control/install/control/share/control/package.ps1'
[15.647s] INFO:colcon.colcon_core.shell:Creating package descriptor '/home/clarissa/TR-Autonomy-2/src/control/install/control/share/control/package.dsv'
[15.648s] INFO:colcon.colcon_core.shell:Creating package script '/home/clarissa/TR-Autonomy-2/src/control/install/control/share/control/package.sh'
[15.648s] INFO:colcon.colcon_core.shell:Creating package script '/home/clarissa/TR-Autonomy-2/src/control/install/control/share/control/package.bash'
[15.648s] INFO:colcon.colcon_core.shell:Creating package script '/home/clarissa/TR-Autonomy-2/src/control/install/control/share/control/package.zsh'
[15.648s] Level 1:colcon.colcon_core.environment:create_file_with_runtime_dependencies(/home/clarissa/TR-Autonomy-2/src/control/install/control/share/colcon-core/packages/control)
[15.649s] DEBUG:colcon.colcon_parallel_executor.executor.parallel:closing loop
[15.649s] DEBUG:colcon.colcon_parallel_executor.executor.parallel:loop closed
[15.649s] DEBUG:colcon.colcon_parallel_executor.executor.parallel:run_until_complete finished with '0'
[15.649s] DEBUG:colcon.colcon_core.event_reactor:joining thread
[15.657s] INFO:colcon.colcon_core.plugin_system:Skipping extension 'colcon_notification.desktop_notification.terminal_notifier': Not used on non-Darwin systems
[15.658s] INFO:colcon.colcon_core.plugin_system:Skipping extension 'colcon_notification.desktop_notification.win32': Not used on non-Windows systems
[15.658s] INFO:colcon.colcon_notification.desktop_notification:Sending desktop notification using 'notify2'
[15.676s] DEBUG:colcon.colcon_core.event_reactor:joined thread
[15.677s] INFO:colcon.colcon_core.shell:Creating prefix script '/home/clarissa/TR-Autonomy-2/src/control/install/local_setup.ps1'
[15.678s] INFO:colcon.colcon_core.shell:Creating prefix util module '/home/clarissa/TR-Autonomy-2/src/control/install/_local_setup_util_ps1.py'
[15.679s] INFO:colcon.colcon_core.shell:Creating prefix chain script '/home/clarissa/TR-Autonomy-2/src/control/install/setup.ps1'
[15.680s] INFO:colcon.colcon_core.shell:Creating prefix script '/home/clarissa/TR-Autonomy-2/src/control/install/local_setup.sh'
[15.680s] INFO:colcon.colcon_core.shell:Creating prefix util module '/home/clarissa/TR-Autonomy-2/src/control/install/_local_setup_util_sh.py'
[15.681s] INFO:colcon.colcon_core.shell:Creating prefix chain script '/home/clarissa/TR-Autonomy-2/src/control/install/setup.sh'
[15.682s] INFO:colcon.colcon_core.shell:Creating prefix script '/home/clarissa/TR-Autonomy-2/src/control/install/local_setup.bash'
[15.682s] INFO:colcon.colcon_core.shell:Creating prefix chain script '/home/clarissa/TR-Autonomy-2/src/control/install/setup.bash'
[15.683s] INFO:colcon.colcon_core.shell:Creating prefix script '/home/clarissa/TR-Autonomy-2/src/control/install/local_setup.zsh'
[15.683s] INFO:colcon.colcon_core.shell:Creating prefix chain script '/home/clarissa/TR-Autonomy-2/src/control/install/setup.zsh'
