[0.008s] Invoking command in '/home/clarissa/TR-Autonomy-2/src/control/build/control': CMAKE_PREFIX_PATH=/opt/ros/humble /usr/bin/cmake --build /home/clarissa/TR-Autonomy-2/src/control/build/control -- -j20 -l20
[0.059s] Consolidate compiler generated dependencies of target control
[0.078s] [ 50%] Building CXX object CMakeFiles/control.dir/src/control.cpp.o
[2.823s] /home/clarissa/TR-Autonomy-2/src/control/src/control.cpp: In constructor ‘Control::Control()’:
[2.823s] /home/clarissa/TR-Autonomy-2/src/control/src/control.cpp:235:12: warning: ‘Control::count_’ will be initialized after [-Wreorder]
[2.823s]   235 |     size_t count_;
[2.824s]       |            ^~~~~~
[2.824s] /home/clarissa/TR-Autonomy-2/src/control/src/control.cpp:53:9: warning:   ‘int Control::x’ [-Wreorder]
[2.824s]    53 |     int x, y;
[2.824s]       |         ^
[2.824s] /home/clarissa/TR-Autonomy-2/src/control/src/control.cpp:21:5: warning:   when initialized here [-Wreorder]
[2.824s]    21 |     Control() : Node("control"), count_(0), x(0), y(0), current_angle_(0.0), last_good_angle_(0.0),
[2.824s]       |     ^~~~~~~
[13.447s] [100%] Linking CXX executable control
[14.345s] [100%] Built target control
[14.359s] Invoked command in '/home/clarissa/TR-Autonomy-2/src/control/build/control' returned '0': CMAKE_PREFIX_PATH=/opt/ros/humble /usr/bin/cmake --build /home/clarissa/TR-Autonomy-2/src/control/build/control -- -j20 -l20
[14.368s] Invoking command in '/home/clarissa/TR-Autonomy-2/src/control/build/control': CMAKE_PREFIX_PATH=/opt/ros/humble /usr/bin/cmake --install /home/clarissa/TR-Autonomy-2/src/control/build/control
[14.377s] -- Install configuration: ""
[14.377s] -- Installing: /home/clarissa/TR-Autonomy-2/src/control/install/control/lib/control/control
[14.380s] -- Set runtime path of "/home/clarissa/TR-Autonomy-2/src/control/install/control/lib/control/control" to ""
[14.380s] -- Up-to-date: /home/clarissa/TR-Autonomy-2/src/control/install/control/share/ament_index/resource_index/package_run_dependencies/control
[14.380s] -- Up-to-date: /home/clarissa/TR-Autonomy-2/src/control/install/control/share/ament_index/resource_index/parent_prefix_path/control
[14.380s] -- Up-to-date: /home/clarissa/TR-Autonomy-2/src/control/install/control/share/control/environment/ament_prefix_path.sh
[14.380s] -- Up-to-date: /home/clarissa/TR-Autonomy-2/src/control/install/control/share/control/environment/ament_prefix_path.dsv
[14.380s] -- Up-to-date: /home/clarissa/TR-Autonomy-2/src/control/install/control/share/control/environment/path.sh
[14.381s] -- Up-to-date: /home/clarissa/TR-Autonomy-2/src/control/install/control/share/control/environment/path.dsv
[14.381s] -- Up-to-date: /home/clarissa/TR-Autonomy-2/src/control/install/control/share/control/local_setup.bash
[14.381s] -- Up-to-date: /home/clarissa/TR-Autonomy-2/src/control/install/control/share/control/local_setup.sh
[14.381s] -- Up-to-date: /home/clarissa/TR-Autonomy-2/src/control/install/control/share/control/local_setup.zsh
[14.381s] -- Up-to-date: /home/clarissa/TR-Autonomy-2/src/control/install/control/share/control/local_setup.dsv
[14.381s] -- Installing: /home/clarissa/TR-Autonomy-2/src/control/install/control/share/control/package.dsv
[14.381s] -- Up-to-date: /home/clarissa/TR-Autonomy-2/src/control/install/control/share/ament_index/resource_index/packages/control
[14.381s] -- Up-to-date: /home/clarissa/TR-Autonomy-2/src/control/install/control/share/control/cmake/controlConfig.cmake
[14.381s] -- Up-to-date: /home/clarissa/TR-Autonomy-2/src/control/install/control/share/control/cmake/controlConfig-version.cmake
[14.381s] -- Up-to-date: /home/clarissa/TR-Autonomy-2/src/control/install/control/share/control/package.xml
[14.382s] Invoked command in '/home/clarissa/TR-Autonomy-2/src/control/build/control' returned '0': CMAKE_PREFIX_PATH=/opt/ros/humble /usr/bin/cmake --install /home/clarissa/TR-Autonomy-2/src/control/build/control
