[0.010s] Invoking command in '/home/clarissa/TR-Autonomy-2/src/control/build/control': CMAKE_PREFIX_PATH=/opt/ros/humble /usr/bin/cmake /home/clarissa/TR-Autonomy-2/src/control -DCMAKE_INSTALL_PREFIX=/home/clarissa/TR-Autonomy-2/src/control/install/control
[0.101s] -- The C compiler identification is GNU 11.4.0
[0.163s] -- The CXX compiler identification is GNU 11.4.0
[0.175s] -- Detecting C compiler ABI info
[0.268s] -- Detecting C compiler ABI info - done
[0.272s] -- Check for working C compiler: /usr/bin/cc - skipped
[0.272s] -- Detecting C compile features
[0.273s] -- Detecting C compile features - done
[0.276s] -- Detecting CXX compiler ABI info
[0.374s] -- Detecting CXX compiler ABI info - done
[0.380s] -- Check for working CXX compiler: /usr/bin/c++ - skipped
[0.380s] -- Detecting CXX compile features
[0.380s] -- Detecting CXX compile features - done
[0.383s] -- Found ament_cmake: 1.3.12 (/opt/ros/humble/share/ament_cmake/cmake)
[0.557s] -- Found Python3: /usr/bin/python3 (found version "3.10.12") found components: Interpreter 
[0.669s] -- Found rclcpp: 16.0.14 (/opt/ros/humble/share/rclcpp/cmake)
[0.713s] -- Found rosidl_generator_c: 3.1.7 (/opt/ros/humble/share/rosidl_generator_c/cmake)
[0.718s] -- Found rosidl_adapter: 3.1.7 (/opt/ros/humble/share/rosidl_adapter/cmake)
[0.727s] -- Found rosidl_generator_cpp: 3.1.7 (/opt/ros/humble/share/rosidl_generator_cpp/cmake)
[0.739s] -- Using all available rosidl_typesupport_c: rosidl_typesupport_fastrtps_c;rosidl_typesupport_introspection_c
[0.754s] -- Using all available rosidl_typesupport_cpp: rosidl_typesupport_fastrtps_cpp;rosidl_typesupport_introspection_cpp
[0.797s] -- Found rmw_implementation_cmake: 6.1.2 (/opt/ros/humble/share/rmw_implementation_cmake/cmake)
[0.799s] -- Found rmw_fastrtps_cpp: 6.2.8 (/opt/ros/humble/share/rmw_fastrtps_cpp/cmake)
[0.899s] -- Found OpenSSL: /usr/lib/x86_64-linux-gnu/libcrypto.so (found version "3.0.2")  
[0.925s] -- Found FastRTPS: /opt/ros/humble/include  
[0.962s] -- Using RMW implementation 'rmw_fastrtps_cpp' as default
[0.970s] -- Looking for pthread.h
[1.078s] -- Looking for pthread.h - found
[1.078s] -- Performing Test CMAKE_HAVE_LIBC_PTHREAD
[1.186s] -- Performing Test CMAKE_HAVE_LIBC_PTHREAD - Success
[1.187s] -- Found Threads: TRUE  
[1.245s] -- Found sensor_msgs: 4.9.0 (/opt/ros/humble/share/sensor_msgs/cmake)
[1.275s] -- Found image_transport: 3.1.12 (/opt/ros/humble/share/image_transport/cmake)
[1.307s] -- Found cv_bridge: 3.2.1 (/opt/ros/humble/share/cv_bridge/cmake)
[1.318s] -- Found OpenCV: /usr (found version "4.5.4") 
[1.321s] -- Found ament_lint_auto: 0.12.14 (/opt/ros/humble/share/ament_lint_auto/cmake)
[1.412s] -- Added test 'copyright' to check source files copyright and LICENSE
[1.417s] -- Added test 'cppcheck' to perform static code analysis on C / C++ code
[1.417s] -- Configured cppcheck include dirs: 
[1.417s] -- Configured cppcheck exclude dirs and/or files: 
[1.421s] -- Added test 'cpplint' to check C / C++ code against the Google style
[1.421s] -- Configured cpplint exclude dirs and/or files: 
[1.423s] -- Added test 'lint_cmake' to check CMake code style
[1.428s] -- Added test 'uncrustify' to check C / C++ code style
[1.428s] -- Configured uncrustify additional arguments: 
[1.430s] -- Added test 'xmllint' to check XML markup files
[1.431s] -- Configuring done
[1.446s] -- Generating done
[1.451s] -- Build files have been written to: /home/clarissa/TR-Autonomy-2/src/control/build/control
[1.478s] Invoked command in '/home/clarissa/TR-Autonomy-2/src/control/build/control' returned '0': CMAKE_PREFIX_PATH=/opt/ros/humble /usr/bin/cmake /home/clarissa/TR-Autonomy-2/src/control -DCMAKE_INSTALL_PREFIX=/home/clarissa/TR-Autonomy-2/src/control/install/control
[1.480s] Invoking command in '/home/clarissa/TR-Autonomy-2/src/control/build/control': CMAKE_PREFIX_PATH=/opt/ros/humble /usr/bin/cmake --build /home/clarissa/TR-Autonomy-2/src/control/build/control -- -j20 -l20
[1.559s] [ 50%] Building CXX object CMakeFiles/control.dir/src/control.cpp.o
[4.242s] /home/clarissa/TR-Autonomy-2/src/control/src/control.cpp: In constructor ‘Control::Control()’:
[4.242s] /home/clarissa/TR-Autonomy-2/src/control/src/control.cpp:231:12: warning: ‘Control::count_’ will be initialized after [-Wreorder]
[4.242s]   231 |     size_t count_;
[4.242s]       |            ^~~~~~
[4.242s] /home/clarissa/TR-Autonomy-2/src/control/src/control.cpp:53:9: warning:   ‘int Control::x’ [-Wreorder]
[4.242s]    53 |     int x, y;
[4.242s]       |         ^
[4.242s] /home/clarissa/TR-Autonomy-2/src/control/src/control.cpp:21:5: warning:   when initialized here [-Wreorder]
[4.242s]    21 |     Control() : Node("control"), count_(0), x(0), y(0), current_angle_(0.0), last_good_angle_(0.0),
[4.242s]       |     ^~~~~~~
[10.201s] [100%] Linking CXX executable control
[11.469s] [100%] Built target control
[11.487s] Invoked command in '/home/clarissa/TR-Autonomy-2/src/control/build/control' returned '0': CMAKE_PREFIX_PATH=/opt/ros/humble /usr/bin/cmake --build /home/clarissa/TR-Autonomy-2/src/control/build/control -- -j20 -l20
[11.504s] Invoking command in '/home/clarissa/TR-Autonomy-2/src/control/build/control': CMAKE_PREFIX_PATH=/opt/ros/humble /usr/bin/cmake --install /home/clarissa/TR-Autonomy-2/src/control/build/control
[11.514s] -- Install configuration: ""
[11.514s] -- Installing: /home/clarissa/TR-Autonomy-2/src/control/install/control/lib/control/control
[11.518s] -- Set runtime path of "/home/clarissa/TR-Autonomy-2/src/control/install/control/lib/control/control" to ""
[11.518s] -- Installing: /home/clarissa/TR-Autonomy-2/src/control/install/control/share/ament_index/resource_index/package_run_dependencies/control
[11.518s] -- Installing: /home/clarissa/TR-Autonomy-2/src/control/install/control/share/ament_index/resource_index/parent_prefix_path/control
[11.518s] -- Installing: /home/clarissa/TR-Autonomy-2/src/control/install/control/share/control/environment/ament_prefix_path.sh
[11.518s] -- Installing: /home/clarissa/TR-Autonomy-2/src/control/install/control/share/control/environment/ament_prefix_path.dsv
[11.518s] -- Installing: /home/clarissa/TR-Autonomy-2/src/control/install/control/share/control/environment/path.sh
[11.518s] -- Installing: /home/clarissa/TR-Autonomy-2/src/control/install/control/share/control/environment/path.dsv
[11.518s] -- Installing: /home/clarissa/TR-Autonomy-2/src/control/install/control/share/control/local_setup.bash
[11.518s] -- Installing: /home/clarissa/TR-Autonomy-2/src/control/install/control/share/control/local_setup.sh
[11.518s] -- Installing: /home/clarissa/TR-Autonomy-2/src/control/install/control/share/control/local_setup.zsh
[11.518s] -- Installing: /home/clarissa/TR-Autonomy-2/src/control/install/control/share/control/local_setup.dsv
[11.518s] -- Installing: /home/clarissa/TR-Autonomy-2/src/control/install/control/share/control/package.dsv
[11.518s] -- Installing: /home/clarissa/TR-Autonomy-2/src/control/install/control/share/ament_index/resource_index/packages/control
[11.518s] -- Installing: /home/clarissa/TR-Autonomy-2/src/control/install/control/share/control/cmake/controlConfig.cmake
[11.518s] -- Installing: /home/clarissa/TR-Autonomy-2/src/control/install/control/share/control/cmake/controlConfig-version.cmake
[11.518s] -- Installing: /home/clarissa/TR-Autonomy-2/src/control/install/control/share/control/package.xml
[11.522s] Invoked command in '/home/clarissa/TR-Autonomy-2/src/control/build/control' returned '0': CMAKE_PREFIX_PATH=/opt/ros/humble /usr/bin/cmake --install /home/clarissa/TR-Autonomy-2/src/control/build/control
