Consolidate compiler generated dependencies of target control
[ 50%] Building CXX object CMakeFiles/control.dir/src/control.cpp.o
[100%] Linking CXX executable control
[100%] Built target control
-- Install configuration: ""
-- Installing: /home/clarissa/TR-Autonomy-2/src/control/install/control/lib/control/control
-- Set runtime path of "/home/clarissa/TR-Autonomy-2/src/control/install/control/lib/control/control" to ""
-- Up-to-date: /home/clarissa/TR-Autonomy-2/src/control/install/control/share/ament_index/resource_index/package_run_dependencies/control
-- Up-to-date: /home/clarissa/TR-Autonomy-2/src/control/install/control/share/ament_index/resource_index/parent_prefix_path/control
-- Up-to-date: /home/clarissa/TR-Autonomy-2/src/control/install/control/share/control/environment/ament_prefix_path.sh
-- Up-to-date: /home/clarissa/TR-Autonomy-2/src/control/install/control/share/control/environment/ament_prefix_path.dsv
-- Up-to-date: /home/clarissa/TR-Autonomy-2/src/control/install/control/share/control/environment/path.sh
-- Up-to-date: /home/clarissa/TR-Autonomy-2/src/control/install/control/share/control/environment/path.dsv
-- Up-to-date: /home/clarissa/TR-Autonomy-2/src/control/install/control/share/control/local_setup.bash
-- Up-to-date: /home/clarissa/TR-Autonomy-2/src/control/install/control/share/control/local_setup.sh
-- Up-to-date: /home/clarissa/TR-Autonomy-2/src/control/install/control/share/control/local_setup.zsh
-- Up-to-date: /home/clarissa/TR-Autonomy-2/src/control/install/control/share/control/local_setup.dsv
-- Installing: /home/clarissa/TR-Autonomy-2/src/control/install/control/share/control/package.dsv
-- Up-to-date: /home/clarissa/TR-Autonomy-2/src/control/install/control/share/ament_index/resource_index/packages/control
-- Up-to-date: /home/clarissa/TR-Autonomy-2/src/control/install/control/share/control/cmake/controlConfig.cmake
-- Up-to-date: /home/clarissa/TR-Autonomy-2/src/control/install/control/share/control/cmake/controlConfig-version.cmake
-- Up-to-date: /home/clarissa/TR-Autonomy-2/src/control/install/control/share/control/package.xml
