[0.088s] DEBUG:colcon:Command line arguments: ['/usr/bin/colcon', 'build']
[0.088s] DEBUG:colcon:Parsed command line arguments: Namespace(log_base=None, log_level=None, verb_name='build', build_base='build', install_base='install', merge_install=False, symlink_install=False, test_result_base=None, continue_on_error=False, executor='parallel', parallel_workers=20, event_handlers=None, ignore_user_meta=False, metas=['./colcon.meta'], base_paths=['.'], packages_ignore=None, packages_ignore_regex=None, paths=None, packages_up_to=None, packages_up_to_regex=None, packages_above=None, packages_above_and_dependencies=None, packages_above_depth=None, packages_select_by_dep=None, packages_skip_by_dep=None, packages_skip_up_to=None, packages_select_build_failed=False, packages_skip_build_finished=False, packages_select_test_failures=False, packages_skip_test_passed=False, packages_select=None, packages_skip=None, packages_select_regex=None, packages_skip_regex=None, packages_start=None, packages_end=None, allow_overriding=[], cmake_args=None, cmake_target=None, cmake_target_skip_unavailable=False, cmake_clean_cache=False, cmake_clean_first=False, cmake_force_configure=False, ament_cmake_args=None, catkin_cmake_args=None, catkin_skip_building_tests=False, mixin_files=None, mixin=None, verb_parser=<colcon_mixin.mixin.mixin_argument.MixinArgumentDecorator object at 0x70f99715ee00>, verb_extension=<colcon_core.verb.build.BuildVerb object at 0x70f99726bdc0>, main=<bound method BuildVerb.main of <colcon_core.verb.build.BuildVerb object at 0x70f99726bdc0>>, mixin_verb=('build',))
[0.223s] Level 1:colcon.colcon_core.package_discovery:discover_packages(colcon_meta) check parameters
[0.223s] Level 1:colcon.colcon_core.package_discovery:discover_packages(recursive) check parameters
[0.223s] Level 1:colcon.colcon_core.package_discovery:discover_packages(ignore) check parameters
[0.223s] Level 1:colcon.colcon_core.package_discovery:discover_packages(path) check parameters
[0.223s] Level 1:colcon.colcon_core.package_discovery:discover_packages(colcon_meta) discover
[0.224s] Level 1:colcon.colcon_core.package_discovery:discover_packages(recursive) discover
[0.224s] INFO:colcon.colcon_core.package_discovery:Crawling recursively for packages in '/home/clarissa/TR-Autonomy-2/src/control'
[0.224s] Level 1:colcon.colcon_core.package_identification:_identify(.) by extensions ['ignore', 'ignore_ament_install']
[0.224s] Level 1:colcon.colcon_core.package_identification:_identify(.) by extension 'ignore'
[0.224s] Level 1:colcon.colcon_core.package_identification:_identify(.) by extension 'ignore_ament_install'
[0.224s] Level 1:colcon.colcon_core.package_identification:_identify(.) by extensions ['colcon_pkg']
[0.224s] Level 1:colcon.colcon_core.package_identification:_identify(.) by extension 'colcon_pkg'
[0.224s] Level 1:colcon.colcon_core.package_identification:_identify(.) by extensions ['colcon_meta']
[0.224s] Level 1:colcon.colcon_core.package_identification:_identify(.) by extension 'colcon_meta'
[0.224s] Level 1:colcon.colcon_core.package_identification:_identify(.) by extensions ['ros']
[0.224s] Level 1:colcon.colcon_core.package_identification:_identify(.) by extension 'ros'
[0.238s] DEBUG:colcon.colcon_core.package_identification:Package '.' with type 'ros.ament_cmake' and name 'control'
[0.238s] Level 1:colcon.colcon_core.package_discovery:discover_packages(recursive) using defaults
[0.238s] Level 1:colcon.colcon_core.package_discovery:discover_packages(ignore) discover
[0.238s] Level 1:colcon.colcon_core.package_discovery:discover_packages(ignore) using defaults
[0.238s] Level 1:colcon.colcon_core.package_discovery:discover_packages(path) discover
[0.238s] Level 1:colcon.colcon_core.package_discovery:discover_packages(path) using defaults
[0.290s] Level 1:colcon.colcon_core.package_discovery:discover_packages(prefix_path) check parameters
[0.290s] Level 1:colcon.colcon_core.package_discovery:discover_packages(prefix_path) discover
[0.293s] DEBUG:colcon.colcon_installed_package_information.package_discovery:Found 394 installed packages in /opt/ros/humble
[0.294s] Level 1:colcon.colcon_core.package_discovery:discover_packages(prefix_path) using defaults
[0.334s] Level 5:colcon.colcon_core.verb:set package 'control' build argument 'cmake_args' from command line to 'None'
[0.335s] Level 5:colcon.colcon_core.verb:set package 'control' build argument 'cmake_target' from command line to 'None'
[0.335s] Level 5:colcon.colcon_core.verb:set package 'control' build argument 'cmake_target_skip_unavailable' from command line to 'False'
[0.335s] Level 5:colcon.colcon_core.verb:set package 'control' build argument 'cmake_clean_cache' from command line to 'False'
[0.335s] Level 5:colcon.colcon_core.verb:set package 'control' build argument 'cmake_clean_first' from command line to 'False'
[0.335s] Level 5:colcon.colcon_core.verb:set package 'control' build argument 'cmake_force_configure' from command line to 'False'
[0.335s] Level 5:colcon.colcon_core.verb:set package 'control' build argument 'ament_cmake_args' from command line to 'None'
[0.335s] Level 5:colcon.colcon_core.verb:set package 'control' build argument 'catkin_cmake_args' from command line to 'None'
[0.335s] Level 5:colcon.colcon_core.verb:set package 'control' build argument 'catkin_skip_building_tests' from command line to 'False'
[0.335s] DEBUG:colcon.colcon_core.verb:Building package 'control' with the following arguments: {'ament_cmake_args': None, 'build_base': '/home/clarissa/TR-Autonomy-2/src/control/build/control', 'catkin_cmake_args': None, 'catkin_skip_building_tests': False, 'cmake_args': None, 'cmake_clean_cache': False, 'cmake_clean_first': False, 'cmake_force_configure': False, 'cmake_target': None, 'cmake_target_skip_unavailable': False, 'install_base': '/home/clarissa/TR-Autonomy-2/src/control/install/control', 'merge_install': False, 'path': '/home/clarissa/TR-Autonomy-2/src/control', 'symlink_install': False, 'test_result_base': None}
[0.335s] INFO:colcon.colcon_core.executor:Executing jobs using 'parallel' executor
[0.337s] DEBUG:colcon.colcon_parallel_executor.executor.parallel:run_until_complete
[0.337s] INFO:colcon.colcon_ros.task.ament_cmake.build:Building ROS package in '/home/clarissa/TR-Autonomy-2/src/control' with build type 'ament_cmake'
[0.337s] INFO:colcon.colcon_cmake.task.cmake.build:Building CMake package in '/home/clarissa/TR-Autonomy-2/src/control'
[0.339s] INFO:colcon.colcon_core.plugin_system:Skipping extension 'colcon_core.shell.bat': Not used on non-Windows systems
[0.340s] INFO:colcon.colcon_core.shell:Skip shell extension 'powershell' for command environment: Not usable outside of PowerShell
[0.340s] DEBUG:colcon.colcon_core.shell:Skip shell extension 'dsv' for command environment
[0.350s] DEBUG:colcon.colcon_core.event_handler.log_command:Invoking command in '/home/clarissa/TR-Autonomy-2/src/control/build/control': CMAKE_PREFIX_PATH=/opt/ros/humble /usr/bin/cmake --build /home/clarissa/TR-Autonomy-2/src/control/build/control -- -j20 -l20
[10.782s] DEBUG:colcon.colcon_core.event_handler.log_command:Invoked command in '/home/clarissa/TR-Autonomy-2/src/control/build/control' returned '0': CMAKE_PREFIX_PATH=/opt/ros/humble /usr/bin/cmake --build /home/clarissa/TR-Autonomy-2/src/control/build/control -- -j20 -l20
[10.793s] DEBUG:colcon.colcon_core.event_handler.log_command:Invoking command in '/home/clarissa/TR-Autonomy-2/src/control/build/control': CMAKE_PREFIX_PATH=/opt/ros/humble /usr/bin/cmake --install /home/clarissa/TR-Autonomy-2/src/control/build/control
[10.807s] Level 1:colcon.colcon_core.environment:create_environment_scripts_only(control)
[10.808s] DEBUG:colcon.colcon_core.event_handler.log_command:Invoked command in '/home/clarissa/TR-Autonomy-2/src/control/build/control' returned '0': CMAKE_PREFIX_PATH=/opt/ros/humble /usr/bin/cmake --install /home/clarissa/TR-Autonomy-2/src/control/build/control
[10.810s] Level 1:colcon.colcon_core.environment:checking '/home/clarissa/TR-Autonomy-2/src/control/install/control' for CMake module files
[10.810s] Level 1:colcon.colcon_core.environment:checking '/home/clarissa/TR-Autonomy-2/src/control/install/control' for CMake config files
[10.811s] Level 1:colcon.colcon_core.shell:create_environment_hook('control', 'cmake_prefix_path')
[10.811s] INFO:colcon.colcon_core.shell:Creating environment hook '/home/clarissa/TR-Autonomy-2/src/control/install/control/share/control/hook/cmake_prefix_path.ps1'
[10.812s] INFO:colcon.colcon_core.shell:Creating environment descriptor '/home/clarissa/TR-Autonomy-2/src/control/install/control/share/control/hook/cmake_prefix_path.dsv'
[10.812s] INFO:colcon.colcon_core.shell:Creating environment hook '/home/clarissa/TR-Autonomy-2/src/control/install/control/share/control/hook/cmake_prefix_path.sh'
[10.813s] Level 1:colcon.colcon_core.environment:checking '/home/clarissa/TR-Autonomy-2/src/control/install/control/lib'
[10.814s] Level 1:colcon.colcon_core.environment:checking '/home/clarissa/TR-Autonomy-2/src/control/install/control/bin'
[10.814s] Level 1:colcon.colcon_core.environment:checking '/home/clarissa/TR-Autonomy-2/src/control/install/control/lib/pkgconfig/control.pc'
[10.814s] Level 1:colcon.colcon_core.environment:checking '/home/clarissa/TR-Autonomy-2/src/control/install/control/lib/python3.10/site-packages'
[10.814s] Level 1:colcon.colcon_core.environment:checking '/home/clarissa/TR-Autonomy-2/src/control/install/control/bin'
[10.814s] INFO:colcon.colcon_core.shell:Creating package script '/home/clarissa/TR-Autonomy-2/src/control/install/control/share/control/package.ps1'
[10.815s] INFO:colcon.colcon_core.shell:Creating package descriptor '/home/clarissa/TR-Autonomy-2/src/control/install/control/share/control/package.dsv'
[10.816s] INFO:colcon.colcon_core.shell:Creating package script '/home/clarissa/TR-Autonomy-2/src/control/install/control/share/control/package.sh'
[10.817s] INFO:colcon.colcon_core.shell:Creating package script '/home/clarissa/TR-Autonomy-2/src/control/install/control/share/control/package.bash'
[10.817s] INFO:colcon.colcon_core.shell:Creating package script '/home/clarissa/TR-Autonomy-2/src/control/install/control/share/control/package.zsh'
[10.818s] Level 1:colcon.colcon_core.environment:create_file_with_runtime_dependencies(/home/clarissa/TR-Autonomy-2/src/control/install/control/share/colcon-core/packages/control)
[10.818s] Level 1:colcon.colcon_core.environment:create_environment_scripts_only(control)
[10.818s] Level 1:colcon.colcon_core.environment:checking '/home/clarissa/TR-Autonomy-2/src/control/install/control' for CMake module files
[10.818s] Level 1:colcon.colcon_core.environment:checking '/home/clarissa/TR-Autonomy-2/src/control/install/control' for CMake config files
[10.819s] Level 1:colcon.colcon_core.shell:create_environment_hook('control', 'cmake_prefix_path')
[10.819s] INFO:colcon.colcon_core.shell:Creating environment hook '/home/clarissa/TR-Autonomy-2/src/control/install/control/share/control/hook/cmake_prefix_path.ps1'
[10.819s] INFO:colcon.colcon_core.shell:Creating environment descriptor '/home/clarissa/TR-Autonomy-2/src/control/install/control/share/control/hook/cmake_prefix_path.dsv'
[10.819s] INFO:colcon.colcon_core.shell:Creating environment hook '/home/clarissa/TR-Autonomy-2/src/control/install/control/share/control/hook/cmake_prefix_path.sh'
[10.820s] Level 1:colcon.colcon_core.environment:checking '/home/clarissa/TR-Autonomy-2/src/control/install/control/lib'
[10.820s] Level 1:colcon.colcon_core.environment:checking '/home/clarissa/TR-Autonomy-2/src/control/install/control/bin'
[10.820s] Level 1:colcon.colcon_core.environment:checking '/home/clarissa/TR-Autonomy-2/src/control/install/control/lib/pkgconfig/control.pc'
[10.820s] Level 1:colcon.colcon_core.environment:checking '/home/clarissa/TR-Autonomy-2/src/control/install/control/lib/python3.10/site-packages'
[10.820s] Level 1:colcon.colcon_core.environment:checking '/home/clarissa/TR-Autonomy-2/src/control/install/control/bin'
[10.820s] INFO:colcon.colcon_core.shell:Creating package script '/home/clarissa/TR-Autonomy-2/src/control/install/control/share/control/package.ps1'
[10.821s] INFO:colcon.colcon_core.shell:Creating package descriptor '/home/clarissa/TR-Autonomy-2/src/control/install/control/share/control/package.dsv'
[10.821s] INFO:colcon.colcon_core.shell:Creating package script '/home/clarissa/TR-Autonomy-2/src/control/install/control/share/control/package.sh'
[10.821s] INFO:colcon.colcon_core.shell:Creating package script '/home/clarissa/TR-Autonomy-2/src/control/install/control/share/control/package.bash'
[10.821s] INFO:colcon.colcon_core.shell:Creating package script '/home/clarissa/TR-Autonomy-2/src/control/install/control/share/control/package.zsh'
[10.821s] Level 1:colcon.colcon_core.environment:create_file_with_runtime_dependencies(/home/clarissa/TR-Autonomy-2/src/control/install/control/share/colcon-core/packages/control)
[10.822s] DEBUG:colcon.colcon_parallel_executor.executor.parallel:closing loop
[10.822s] DEBUG:colcon.colcon_parallel_executor.executor.parallel:loop closed
[10.822s] DEBUG:colcon.colcon_parallel_executor.executor.parallel:run_until_complete finished with '0'
[10.822s] DEBUG:colcon.colcon_core.event_reactor:joining thread
[10.826s] INFO:colcon.colcon_core.plugin_system:Skipping extension 'colcon_notification.desktop_notification.terminal_notifier': Not used on non-Darwin systems
[10.826s] INFO:colcon.colcon_core.plugin_system:Skipping extension 'colcon_notification.desktop_notification.win32': Not used on non-Windows systems
[10.826s] INFO:colcon.colcon_notification.desktop_notification:Sending desktop notification using 'notify2'
[10.837s] DEBUG:colcon.colcon_core.event_reactor:joined thread
[10.837s] INFO:colcon.colcon_core.shell:Creating prefix script '/home/clarissa/TR-Autonomy-2/src/control/install/local_setup.ps1'
[10.838s] INFO:colcon.colcon_core.shell:Creating prefix util module '/home/clarissa/TR-Autonomy-2/src/control/install/_local_setup_util_ps1.py'
[10.839s] INFO:colcon.colcon_core.shell:Creating prefix chain script '/home/clarissa/TR-Autonomy-2/src/control/install/setup.ps1'
[10.839s] INFO:colcon.colcon_core.shell:Creating prefix script '/home/clarissa/TR-Autonomy-2/src/control/install/local_setup.sh'
[10.840s] INFO:colcon.colcon_core.shell:Creating prefix util module '/home/clarissa/TR-Autonomy-2/src/control/install/_local_setup_util_sh.py'
[10.840s] INFO:colcon.colcon_core.shell:Creating prefix chain script '/home/clarissa/TR-Autonomy-2/src/control/install/setup.sh'
[10.841s] INFO:colcon.colcon_core.shell:Creating prefix script '/home/clarissa/TR-Autonomy-2/src/control/install/local_setup.bash'
[10.841s] INFO:colcon.colcon_core.shell:Creating prefix chain script '/home/clarissa/TR-Autonomy-2/src/control/install/setup.bash'
[10.842s] INFO:colcon.colcon_core.shell:Creating prefix script '/home/clarissa/TR-Autonomy-2/src/control/install/local_setup.zsh'
[10.842s] INFO:colcon.colcon_core.shell:Creating prefix chain script '/home/clarissa/TR-Autonomy-2/src/control/install/setup.zsh'
